Replace Part C1 CL32B225KCJSNNE in C:\Users\Notebook\Desktop\PCB-DESIGNS\CH340-USB-SERIAL\ch340-usb-serial.SchDoc with CL32B225KCJSNNE from Schlib.SchLib
Replace Part C2 CL32B225KCJSNNE in C:\Users\Notebook\Desktop\PCB-DESIGNS\CH340-USB-SERIAL\ch340-usb-serial.SchDoc with CL32B225KCJSNNE from Schlib.SchLib
Replace Part C3 CL32B225KCJSNNE in C:\Users\Notebook\Desktop\PCB-DESIGNS\CH340-USB-SERIAL\ch340-usb-serial.SchDoc with CL32B225KCJSNNE from Schlib.SchLib
Replace Part C4 CL05B104KB54PNC in C:\Users\Notebook\Desktop\PCB-DESIGNS\CH340-USB-SERIAL\ch340-usb-serial.SchDoc with CL05B104KB54PNC from Schlib.SchLib
Replace Part C5 CL05B104KB54PNC in C:\Users\Notebook\Desktop\PCB-DESIGNS\CH340-USB-SERIAL\ch340-usb-serial.SchDoc with CL05B104KB54PNC from Schlib.SchLib
Replace Part D1 VLMW1300-GS08 in C:\Users\Notebook\Desktop\PCB-DESIGNS\CH340-USB-SERIAL\ch340-usb-serial.SchDoc with VLMW1300-GS08 from Schlib.SchLib
Replace Part J1 GMSB0532112YEU in C:\Users\Notebook\Desktop\PCB-DESIGNS\CH340-USB-SERIAL\ch340-usb-serial.SchDoc with GMSB0532112YEU from Schlib.SchLib
Replace Part J2 0480372200 in C:\Users\Notebook\Desktop\PCB-DESIGNS\CH340-USB-SERIAL\ch340-usb-serial.SchDoc with 0480372200 from Schlib.SchLib
Replace Part J3 XH254wb-5P in C:\Users\Notebook\Desktop\PCB-DESIGNS\CH340-USB-SERIAL\ch340-usb-serial.SchDoc with XH254wb-5P from Schlib.SchLib
Replace Part J4 2.54mm_5pin in C:\Users\Notebook\Desktop\PCB-DESIGNS\CH340-USB-SERIAL\ch340-usb-serial.SchDoc with 2.54mm_5pin from Schlib.SchLib
Replace Part J5 61300811121 in C:\Users\Notebook\Desktop\PCB-DESIGNS\CH340-USB-SERIAL\ch340-usb-serial.SchDoc with 61300811121 from Schlib.SchLib
Replace Part J6 61300311121 in C:\Users\Notebook\Desktop\PCB-DESIGNS\CH340-USB-SERIAL\ch340-usb-serial.SchDoc with 61300311121 from Schlib.SchLib
Replace Part J7 20021121-00006C4LF in C:\Users\Notebook\Desktop\PCB-DESIGNS\CH340-USB-SERIAL\ch340-usb-serial.SchDoc with 20021121-00006C4LF from Schlib.SchLib
Replace Part Q1 SS8050-G in C:\Users\Notebook\Desktop\PCB-DESIGNS\CH340-USB-SERIAL\ch340-usb-serial.SchDoc with SS8050-G from Schlib.SchLib
Replace Part Q2 SS8050-G in C:\Users\Notebook\Desktop\PCB-DESIGNS\CH340-USB-SERIAL\ch340-usb-serial.SchDoc with SS8050-G from Schlib.SchLib
Replace Part R1 CRCW08052K20FKEC in C:\Users\Notebook\Desktop\PCB-DESIGNS\CH340-USB-SERIAL\ch340-usb-serial.SchDoc with CRCW08052K20FKEC from Schlib.SchLib
Replace Part R2 RC1206JR-070RL in C:\Users\Notebook\Desktop\PCB-DESIGNS\CH340-USB-SERIAL\ch340-usb-serial.SchDoc with RC1206JR-070RL from Schlib.SchLib
Replace Part R3 RC1206JR-070RL in C:\Users\Notebook\Desktop\PCB-DESIGNS\CH340-USB-SERIAL\ch340-usb-serial.SchDoc with RC1206JR-070RL from Schlib.SchLib
Replace Part R4 RC0805FR-0710KL in C:\Users\Notebook\Desktop\PCB-DESIGNS\CH340-USB-SERIAL\ch340-usb-serial.SchDoc with RC0805FR-0710KL from Schlib.SchLib
Replace Part R5 RC0805FR-0710KL in C:\Users\Notebook\Desktop\PCB-DESIGNS\CH340-USB-SERIAL\ch340-usb-serial.SchDoc with RC0805FR-0710KL from Schlib.SchLib
Replace Part U1 CH340C in C:\Users\Notebook\Desktop\PCB-DESIGNS\CH340-USB-SERIAL\ch340-usb-serial.SchDoc with CH340C from Schlib.SchLib
Replace Part U2 TLV74033PDBVR in C:\Users\Notebook\Desktop\PCB-DESIGNS\CH340-USB-SERIAL\ch340-usb-serial.SchDoc with TLV74033PDBVR from Schlib.SchLib
Replace Part U3 DF5A5.6FUTE85LF in C:\Users\Notebook\Desktop\PCB-DESIGNS\CH340-USB-SERIAL\ch340-usb-serial.SchDoc with DF5A5.6FUTE85LF from Schlib.SchLib
